Grid 20x20 (internal 41x41):
Number of dots: 158

+-+-+-+-+-+-+-+-+-+-+-+-+-+-+-+-+-+-+-+-+
|○|  ○  |○|○|  ○  |   |       | ○ |  ○  |
+-+-+-+-+-+-+-+-+-+ + +-+-+ ○ +-+-+-+-+-+
|   |○|○|   |○|○| |     |○|       |○| |○|
+-+○+-+-+ ○ +-+-+ + +○+ +-+-+-+-+-+-+ +-+
|○|   |○|   |   | |     |   |     | ○ | |
+-+-+-+-+-+-+ + +○+-+ + + ○ + +○+ + +-+ +
| |     |○|○| ○ | |○|   |   |     | |   |
+ + + + +-+-+ + + +-+-+-+-+-+-+-+-+-+ ○ +
|○|   ○   |○|   | |   |○|○|○| |  ○  |   |
+ +-+ + + +-+-+-+-+ ○ +-+-+-+ +-+-+-+ +-+
| |○|     |   |○|○|   |   |  ○  |○| | |○|
+-+-+-+-+-+ + +-+-+-+-+ ○ +-+ +-+-+ +-+-+
| |  ○  |○|   |       |   |○| | | ○ |○| |
+ +-+-+-+-+ ○ + + ○ + +-+-+-+-+ + +-+-+○+
|○| |○|   |   |       |○|   |○|○| |   | |
+ +○+-+ + + + +-+-+-+-+-+ ○ +-+ +-+ ○ +-+
| | | | ○ |   | ○ |○|   |   | | | |   | |
+-+-+ + + +-+-+-+-+-+○+-+-+-+ +-+○+-+-+ +
| | |○|   |○|   |○|   |   |   |○| |○|○|○|
+○+○+ +-+-+-+ + +-+-+-+ + +-+○+-+-+-+-+ +
| | | |○|○| | ○ |○|    ○    |   |○|   | |
+-+-+-+-+-+ + + +-+-+ + +-+-+ +-+-+ ○ +-+
| ○ | |○| ○ |   |○|○|   | |○| | |○|   | |
+-+-+ +-+ +-+-+-+-+-+-+-+ +-+-+○+-+-+-+○+
|○|  ○  | |     |○| ○ | ○ | ○ | |○|   | |
+-+-+ +-+-+ ○ +-+-+-+-+ +-+-+-+-+-+-+○+-+
| ○ | | |     |○|   |○| |    ○    |○|   |
+-+-+-+ +-+-+-+-+ + +-+-+-+-+-+-+-+-+-+-+
| | | |○|   ○   |   | ○ |○| | |○|○|○| ○ |
+○+ +○+ +-+-+-+-+-+○+-+-+-+ + +-+-+-+-+-+
| |○| | |○|○|     |   | | |○| | |   |○|○|
+-+ +-+-+-+-+ +○+ + + + + + +○+ + + +-+-+
|○| | |○|○|○|     |   |○|○| | | |   ○   |
+-+-+ +-+-+-+-+-+-+-+-+ + +-+ +○+-+-+ + +
|       | | ○ | ○ | ○ | | |○| | |○|○|   |
+ + ○ + +○+-+-+-+-+-+-+-+-+-+-+ +-+-+-+-+
|       | |   ○   |○| |○|   |○| |     |○|
+-+ +-+-+-+-+-+-+-+-+○+-+ ○ +-+-+ ○ +-+-+
|○| |  ○  | ○ |○|○|○| |○|   |○|     |○|○|
+-+-+-+-+-+-+-+-+-+-+-+-+-+-+-+-+-+-+-+-+
