Grid 10x10 (internal 21x21):
Number of dots: 6

+-+-+-+-+-+-+-+-+-+-+
|           |       |
+ + + + + + + + + + +
|           |       |
+-+-+-+ + + + + + + +
|     |     |       |
+ +○+ + + + + + + + +
|     |     |       |
+-+-+-+ + + + + ○ + +
|     |     |       |
+ + + + +○+ + + + + +
|     |     |       |
+ + + + + + + + + + +
|     |     |       |
+ +○+ + + + + + + + +
|     |     |       |
+ + + + + + +-+-+-+-+
|     |           |○|
+ + + + + + + + + +-+
|     |           |○|
+-+-+-+-+-+-+-+-+-+-+
