Grid 12x12 (internal 25x25):
Number of dots: 62

+-+-+-+-+-+-+-+-+-+-+-+-+
| ○ |   ○   | |○| |○|○| |
+-+-+-+-+-+-+ +-+ +-+-+ +
|○|   ○   |○| |   |○|○| |
+-+-+-+-+-+-+○+ ○ +-+-+ +
|   |○| |   | |   |○| |○|
+-+○+-+○+ ○ + + +-+-+ + +
|○|   | |   | | |○|○|○| |
+-+-+-+-+-+-+-+-+-+-+ + +
| ○ |○| ○ |○|   |○| | | |
+-+-+-+-+-+-+○+-+-+ +-+-+
|       |○|   |○|○| |○| |
+ + ○ + +-+-+-+-+-+○+-+○+
|       |○| | |   | |○| |
+-+-+-+-+-+ + + ○ + +-+-+
|○|   ○   |○|○|   | |○|○|
+-+-+-+-+-+ + +-+-+-+-+-+
| | | |○| | | | |   |○| |
+○+○+ +-+ +-+-+ + + +-+○+
| | | | |○|○| | |  ○  | |
+-+-+○+○+ +-+○+○+-+ + +-+
|   | | | |○| | | |   | |
+ ○ + +-+-+-+-+ +○+-+-+○+
|   | |   ○   | | | ○ | |
+-+-+-+-+-+-+-+-+-+-+-+-+
