Grid 11x11 (internal 23x23):
Number of dots: 48

+-+-+-+-+-+-+-+-+-+-+-+
|○|○| ○ |   |     |○| |
+-+-+-+-+ + +-+ ○ +-+ +
|   |○| | ○ |○|     |○|
+ ○ +-+ + + +-+-+-+-+ +
|   |○| |   | |○| |○| |
+-+-+-+ +-+-+ +-+ +-+-+
|○|○| | ○ | |○| ○ | ○ |
+-+-+○+-+ + + + +-+-+-+
| ○ | | | |○| | |     |
+-+-+-+ + + +-+-+ +○+ +
|  ○  |○| | |   |     |
+-+-+-+ +-+-+ + +-+-+-+
|○|   | | |○|   |○| | |
+-+ + +-+ +-+ ○ +-+○+ +
|○|   | |○|○|   | | | |
+-+ ○ + + +-+ + +○+-+○+
|○|   |○| |○|   | | | |
+-+ + + +-+-+-+-+-+ + +
| |   | |○|○|   | ○ | |
+○+-+-+-+-+-+ ○ + +-+-+
| |○|   ○   |   | |○|○|
+-+-+-+-+-+-+-+-+-+-+-+
