Grid 15x15 (internal 31x31):
Number of dots: 93

+-+-+-+-+-+-+-+-+-+-+-+-+-+-+-+
| |  ○  | | ○ |○|○|     |○|   |
+○+-+-+-+ +-+-+-+-+ +○+ +-+ ○ +
| |   |○| ○ |○|○| |     |○|   |
+-+-+○+-+-+ +-+-+ +-+-+-+-+-+-+
| | |   |○| | |  ○  |○|○| | |○|
+ + +-+-+-+-+○+-+ +-+-+-+ +○+-+
| |○|○|     | |○| |   | |○| | |
+○+ +-+-+ ○ +-+-+-+ ○ +○+ +-+ +
| | |○|○|     |○|○|   | | | |○|
+ +-+-+-+-+-+-+-+-+-+-+-+-+ + +
| |○|     |  ○  |○| |○|   |○| |
+-+-+ ○ +-+-+-+-+-+ +-+ ○ + +-+
| |     |○| |○|○|     |   | | |
+ +-+-+-+-+ +-+-+ ○ +-+-+-+-+ +
|○|   | |   |○|     |○| ○ |   |
+ + + +○+ ○ +-+-+ +-+-+-+-+○+-+
| |   | |   |   | |   |○|   |○|
+-+ ○ +-+ +-+○+-+-+-+○+-+ +-+-+
|○|   | | |   |  ○  |   | |○|○|
+-+ + +○+-+-+-+-+-+-+-+-+-+-+-+
|○|   | |     |○|○|       |○|○|
+-+-+-+-+-+ ○ +-+-+ + ○ + +-+-+
|   | ○ |○|     |○|       |   |
+ ○ +-+-+-+-+-+-+-+-+-+-+-+ + +
|   |     | ○ |  ○  |○|○|  ○  |
+-+-+ +○+ +-+-+-+-+-+-+-+ + +-+
|   |     |   |○|   |○| |   |○|
+ ○ +-+-+-+○+-+-+ ○ +-+○+-+-+-+
|   |○|○|   |○|○|   |○| |○| ○ |
+-+-+-+-+-+-+-+-+-+-+-+-+-+-+-+
