Grid 13x13 (internal 27x27):
Number of dots: 70

+-+-+-+-+-+-+-+-+-+-+-+-+-+
|○|○|   |   |○| |    ○    |
+-+-+ ○ + + +-+○+-+-+-+-+-+
|   |   | ○ | | |   |○| ○ |
+ + +-+-+ + + +-+-+ +-+-+-+
| ○ |○|○|   | ○ |○|○|○| ○ |
+ + +-+-+-+-+-+ +-+ +-+-+-+
|   | ○ |  ○  | |○|   |   |
+-+-+-+-+-+-+-+-+-+-+-+ ○ +
|   |   |○|○| ○ |   |○|   |
+ + + ○ +-+-+-+-+ ○ +-+-+-+
|   |   |   |○|○|   |○| |○|
+ ○ +-+-+ ○ +-+-+-+-+-+ +-+
|   |○|○|   | |   |   | | |
+ + +-+-+-+-+ + ○ + ○ +○+ +
|   | |   |○| |   |   | |○|
+-+-+○+ + +-+○+-+-+-+-+ + +
|○| | |   | | | |○| ○ | | |
+-+○+-+ ○ +○+ + +-+-+-+-+-+
| | |○|   | | | |   |   |○|
+○+-+-+ + +-+-+○+ ○ + ○ +-+
| | ○ |   | |○| |   |   |○|
+-+-+-+-+-+ +-+ +-+-+-+-+-+
|○|○| |   |○|○| | |   |   |
+-+-+○+ ○ + +-+-+○+ ○ + ○ +
|○|○| |   | |○|○| |   |   |
+-+-+-+-+-+-+-+-+-+-+-+-+-+
